This is pdfTeX, Version 3.141592653-2.6-1.40.26 (MiKTeX 24.4) (preloaded format=pdflatex 2024.9.5)  1 OCT 2024 11:21
entering extended mode
 restricted \write18 enabled.
 file:line:error style messages enabled.
 %&-line parsing enabled.
**c:/code/gremio_2024/main.tex
(c:/code/gremio_2024/main.tex
LaTeX2e <2024-06-01> patch level 2
L3 programming layer <2024-07-20>
(C:\Users\bruno\AppData\Local\Programs\MiKTeX\tex/latex/base\article.cls
Document Class: article 2024/02/08 v1.4n Standard LaTeX document class
(C:\Users\bruno\AppData\Local\Programs\MiKTeX\tex/latex/base\size10.clo
File: size10.clo 2024/02/08 v1.4n Standard LaTeX file (size option)
)
\c@part=\count194
\c@section=\count195
\c@subsection=\count196
\c@subsubsection=\count197
\c@paragraph=\count198
\c@subparagraph=\count199
\c@figure=\count266
\c@table=\count267
\abovecaptionskip=\skip49
\belowcaptionskip=\skip50
\bibindent=\dimen141
) (C:\Users\bruno\AppData\Local\Programs\MiKTeX\tex/latex/graphics\graphicx.sty
Package: graphicx 2021/09/16 v1.2d Enhanced LaTeX Graphics (DPC,SPQR)
 (C:\Users\bruno\AppData\Local\Programs\MiKTeX\tex/latex/graphics\keyval.sty
Package: keyval 2022/05/29 v1.15 key=value parser (DPC)
\KV@toks@=\toks17
) (C:\Users\bruno\AppData\Local\Programs\MiKTeX\tex/latex/graphics\graphics.sty
Package: graphics 2024/05/23 v1.4g Standard LaTeX Graphics (DPC,SPQR)
 (C:\Users\bruno\AppData\Local\Programs\MiKTeX\tex/latex/graphics\trig.sty
Package: trig 2023/12/02 v1.11 sin cos tan (DPC)
) (C:\Users\bruno\AppData\Local\Programs\MiKTeX\tex/latex/graphics-cfg\graphics.cfg
File: graphics.cfg 2016/06/04 v1.11 sample graphics configuration
)
Package graphics Info: Driver file: pdftex.def on input line 106.
 (C:\Users\bruno\AppData\Local\Programs\MiKTeX\tex/latex/graphics-def\pdftex.def
File: pdftex.def 2024/04/13 v1.2c Graphics/color driver for pdftex
))
\Gin@req@height=\dimen142
\Gin@req@width=\dimen143
) (C:\Users\bruno\AppData\Local\Programs\MiKTeX\tex/latex/standalone\standalone.sty
Package: standalone 2022/10/10 v1.3b Package to include TeX sub-files with preambles
 (C:\Users\bruno\AppData\Local\Programs\MiKTeX\tex/latex/tools\shellesc.sty
Package: shellesc 2023/07/08 v1.0d unified shell escape interface for LaTeX
Package shellesc Info: Restricted shell escape enabled on input line 77.
) (C:\Users\bruno\AppData\Local\Programs\MiKTeX\tex/generic/iftex\ifluatex.sty
Package: ifluatex 2019/10/25 v1.5 ifluatex legacy package. Use iftex instead.
 (C:\Users\bruno\AppData\Local\Programs\MiKTeX\tex/generic/iftex\iftex.sty
Package: iftex 2022/02/03 v1.0f TeX engine tests
)) (C:\Users\bruno\AppData\Local\Programs\MiKTeX\tex/latex/xkeyval\xkeyval.sty
Package: xkeyval 2022/06/16 v2.9 package option processing (HA)
 (C:\Users\bruno\AppData\Local\Programs\MiKTeX\tex/generic/xkeyval\xkeyval.tex (C:\Users\bruno\AppData\Local\Programs\MiKTeX\tex/generic/xkeyval\xkvutils.tex
\XKV@toks=\toks18
\XKV@tempa@toks=\toks19
)
\XKV@depth=\count268
File: xkeyval.tex 2014/12/03 v2.7a key=value parser (HA)
)) (C:\Users\bruno\AppData\Local\Programs\MiKTeX\tex/latex/currfile\currfile.sty
Package: currfile 2024/03/14 v1.0 Provides the file path elements of the current input file
 (C:\Users\bruno\AppData\Local\Programs\MiKTeX\tex/latex/kvoptions\kvoptions.sty
Package: kvoptions 2022-06-15 v3.15 Key value format for package options (HO)
 (C:\Users\bruno\AppData\Local\Programs\MiKTeX\tex/generic/ltxcmds\ltxcmds.sty
Package: ltxcmds 2023-12-04 v1.26 LaTeX kernel commands for general use (HO)
) (C:\Users\bruno\AppData\Local\Programs\MiKTeX\tex/latex/kvsetkeys\kvsetkeys.sty
Package: kvsetkeys 2022-10-05 v1.19 Key value parser (HO)
)) (C:\Users\bruno\AppData\Local\Programs\MiKTeX\tex/latex/filehook\filehook.sty
Package: filehook 2022/10/25 v0.8b Hooks for input files
 (C:\Users\bruno\AppData\Local\Programs\MiKTeX\tex/latex/filehook\filehook-2020.sty
Package: filehook-2020 2022/10/25 v0.8b Hooks for input files
))
\c@currfiledepth=\count269
) (C:\Users\bruno\AppData\Local\Programs\MiKTeX\tex/latex/gincltex\gincltex.sty (C:\Users\bruno\AppData\Local\Programs\MiKTeX\tex/latex/svn-prov\svn-prov.sty
Package: svn-prov 2010/04/24 v3.1862 Package Date/Version from SVN Keywords
)
Package: gincltex 2011/09/04 v0.3 Include external LaTeX files like graphics
 (C:\Users\bruno\AppData\Local\Programs\MiKTeX\tex/latex/adjustbox\adjustbox.sty
Package: adjustbox 2022/10/17 v1.3a Adjusting TeX boxes (trim, clip, ...)
 (C:\Users\bruno\AppData\Local\Programs\MiKTeX\tex/latex/adjustbox\adjcalc.sty
Package: adjcalc 2012/05/16 v1.1 Provides advanced setlength with multiple back-ends (calc, etex, pgfmath)
) (C:\Users\bruno\AppData\Local\Programs\MiKTeX\tex/latex/adjustbox\trimclip.sty
Package: trimclip 2020/08/19 v1.2 Trim and clip general TeX material
 (C:\Users\bruno\AppData\Local\Programs\MiKTeX\tex/latex/collectbox\collectbox.sty
Package: collectbox 2022/10/17 v0.4c Collect macro arguments as boxes
\collectedbox=\box52
)
\tc@llx=\dimen144
\tc@lly=\dimen145
\tc@urx=\dimen146
\tc@ury=\dimen147
Package trimclip Info: Using driver 'tc-pdftex.def'.
 (C:\Users\bruno\AppData\Local\Programs\MiKTeX\tex/latex/adjustbox\tc-pdftex.def
File: tc-pdftex.def 2019/01/04 v2.2 Clipping driver for pdftex
))
\adjbox@Width=\dimen148
\adjbox@Height=\dimen149
\adjbox@Depth=\dimen150
\adjbox@Totalheight=\dimen151
\adjbox@pwidth=\dimen152
\adjbox@pheight=\dimen153
\adjbox@pdepth=\dimen154
\adjbox@ptotalheight=\dimen155
 (C:\Users\bruno\AppData\Local\Programs\MiKTeX\tex/latex/ifoddpage\ifoddpage.sty
Package: ifoddpage 2022/10/18 v1.2 Conditionals for odd/even page detection
\c@checkoddpage=\count270
) (C:\Users\bruno\AppData\Local\Programs\MiKTeX\tex/latex/varwidth\varwidth.sty
Package: varwidth 2009/03/30 ver 0.92;  Variable-width minipages
\@vwid@box=\box53
\sift@deathcycles=\count271
\@vwid@loff=\dimen156
\@vwid@roff=\dimen157
))
\gincltex@box=\box54
) (C:\Users\bruno\AppData\Local\Programs\MiKTeX\tex/latex/filemod\filemod-expmin.sty
Package: filemod-expmin 2011/09/19 v1.2 Get and compare file modification times (expandable; minimal)
)) (C:\Users\bruno\AppData\Local\Programs\MiKTeX\tex/latex/pgf/frontendlayer\tikz.sty (C:\Users\bruno\AppData\Local\Programs\MiKTeX\tex/latex/pgf/basiclayer\pgf.sty (C:\Users\bruno\AppData\Local\Programs\MiKTeX\tex/latex/pgf/utilities\pgfrcs.sty (C:\Users\bruno\AppData\Local\Programs\MiKTeX\tex/generic/pgf/utilities\pgfutil-common.tex
\pgfutil@everybye=\toks20
\pgfutil@tempdima=\dimen158
\pgfutil@tempdimb=\dimen159
) (C:\Users\bruno\AppData\Local\Programs\MiKTeX\tex/generic/pgf/utilities\pgfutil-latex.def
\pgfutil@abb=\box55
) (C:\Users\bruno\AppData\Local\Programs\MiKTeX\tex/generic/pgf/utilities\pgfrcs.code.tex (C:\Users\bruno\AppData\Local\Programs\MiKTeX\tex/generic/pgf\pgf.revision.tex)
Package: pgfrcs 2023-01-15 v3.1.10 (3.1.10)
))
Package: pgf 2023-01-15 v3.1.10 (3.1.10)
 (C:\Users\bruno\AppData\Local\Programs\MiKTeX\tex/latex/pgf/basiclayer\pgfcore.sty (C:\Users\bruno\AppData\Local\Programs\MiKTeX\tex/latex/pgf/systemlayer\pgfsys.sty (C:\Users\bruno\AppData\Local\Programs\MiKTeX\tex/generic/pgf/systemlayer\pgfsys.code.tex
Package: pgfsys 2023-01-15 v3.1.10 (3.1.10)
 (C:\Users\bruno\AppData\Local\Programs\MiKTeX\tex/generic/pgf/utilities\pgfkeys.code.tex
\pgfkeys@pathtoks=\toks21
\pgfkeys@temptoks=\toks22
 (C:\Users\bruno\AppData\Local\Programs\MiKTeX\tex/generic/pgf/utilities\pgfkeyslibraryfiltered.code.tex
\pgfkeys@tmptoks=\toks23
))
\pgf@x=\dimen160
\pgf@y=\dimen161
\pgf@xa=\dimen162
\pgf@ya=\dimen163
\pgf@xb=\dimen164
\pgf@yb=\dimen165
\pgf@xc=\dimen166
\pgf@yc=\dimen167
\pgf@xd=\dimen168
\pgf@yd=\dimen169
\w@pgf@writea=\write3
\r@pgf@reada=\read2
\c@pgf@counta=\count272
\c@pgf@countb=\count273
\c@pgf@countc=\count274
\c@pgf@countd=\count275
\t@pgf@toka=\toks24
\t@pgf@tokb=\toks25
\t@pgf@tokc=\toks26
\pgf@sys@id@count=\count276
 (C:\Users\bruno\AppData\Local\Programs\MiKTeX\tex/generic/pgf/systemlayer\pgf.cfg
File: pgf.cfg 2023-01-15 v3.1.10 (3.1.10)
)
Driver file for pgf: pgfsys-pdftex.def
 (C:\Users\bruno\AppData\Local\Programs\MiKTeX\tex/generic/pgf/systemlayer\pgfsys-pdftex.def
File: pgfsys-pdftex.def 2023-01-15 v3.1.10 (3.1.10)
 (C:\Users\bruno\AppData\Local\Programs\MiKTeX\tex/generic/pgf/systemlayer\pgfsys-common-pdf.def
File: pgfsys-common-pdf.def 2023-01-15 v3.1.10 (3.1.10)
))) (C:\Users\bruno\AppData\Local\Programs\MiKTeX\tex/generic/pgf/systemlayer\pgfsyssoftpath.code.tex
File: pgfsyssoftpath.code.tex 2023-01-15 v3.1.10 (3.1.10)
\pgfsyssoftpath@smallbuffer@items=\count277
\pgfsyssoftpath@bigbuffer@items=\count278
) (C:\Users\bruno\AppData\Local\Programs\MiKTeX\tex/generic/pgf/systemlayer\pgfsysprotocol.code.tex
File: pgfsysprotocol.code.tex 2023-01-15 v3.1.10 (3.1.10)
)) (C:\Users\bruno\AppData\Local\Programs\MiKTeX\tex/latex/xcolor\xcolor.sty
Package: xcolor 2023/11/15 v3.01 LaTeX color extensions (UK)
 (C:\Users\bruno\AppData\Local\Programs\MiKTeX\tex/latex/graphics-cfg\color.cfg
File: color.cfg 2016/01/02 v1.6 sample color configuration
)
Package xcolor Info: Driver file: pdftex.def on input line 274.
 (C:\Users\bruno\AppData\Local\Programs\MiKTeX\tex/latex/graphics\mathcolor.ltx)
Package xcolor Info: Model `cmy' substituted by `cmy0' on input line 1350.
Package xcolor Info: Model `hsb' substituted by `rgb' on input line 1354.
Package xcolor Info: Model `RGB' extended on input line 1366.
Package xcolor Info: Model `HTML' substituted by `rgb' on input line 1368.
Package xcolor Info: Model `Hsb' substituted by `hsb' on input line 1369.
Package xcolor Info: Model `tHsb' substituted by `hsb' on input line 1370.
Package xcolor Info: Model `HSB' substituted by `hsb' on input line 1371.
Package xcolor Info: Model `Gray' substituted by `gray' on input line 1372.
Package xcolor Info: Model `wave' substituted by `hsb' on input line 1373.
) (C:\Users\bruno\AppData\Local\Programs\MiKTeX\tex/generic/pgf/basiclayer\pgfcore.code.tex
Package: pgfcore 2023-01-15 v3.1.10 (3.1.10)
 (C:\Users\bruno\AppData\Local\Programs\MiKTeX\tex/generic/pgf/math\pgfmath.code.tex (C:\Users\bruno\AppData\Local\Programs\MiKTeX\tex/generic/pgf/math\pgfmathutil.code.tex) (C:\Users\bruno\AppData\Local\Programs\MiKTeX\tex/generic/pgf/math\pgfmathparser.code.tex
\pgfmath@dimen=\dimen170
\pgfmath@count=\count279
\pgfmath@box=\box56
\pgfmath@toks=\toks27
\pgfmath@stack@operand=\toks28
\pgfmath@stack@operation=\toks29
) (C:\Users\bruno\AppData\Local\Programs\MiKTeX\tex/generic/pgf/math\pgfmathfunctions.code.tex) (C:\Users\bruno\AppData\Local\Programs\MiKTeX\tex/generic/pgf/math\pgfmathfunctions.basic.code.tex) (C:\Users\bruno\AppData\Local\Programs\MiKTeX\tex/generic/pgf/math\pgfmathfunctions.trigonometric.code.tex) (C:\Users\bruno\AppData\Local\Programs\MiKTeX\tex/generic/pgf/math\pgfmathfunctions.random.code.tex) (C:\Users\bruno\AppData\Local\Programs\MiKTeX\tex/generic/pgf/math\pgfmathfunctions.comparison.code.tex) (C:\Users\bruno\AppData\Local\Programs\MiKTeX\tex/generic/pgf/math\pgfmathfunctions.base.code.tex) (C:\Users\bruno\AppData\Local\Programs\MiKTeX\tex/generic/pgf/math\pgfmathfunctions.round.code.tex) (C:\Users\bruno\AppData\Local\Programs\MiKTeX\tex/generic/pgf/math\pgfmathfunctions.misc.code.tex) (C:\Users\bruno\AppData\Local\Programs\MiKTeX\tex/generic/pgf/math\pgfmathfunctions.integerarithmetics.code.tex) (C:\Users\bruno\AppData\Local\Programs\MiKTeX\tex/generic/pgf/math\pgfmathcalc.code.tex) (C:\Users\bruno\AppData\Local\Programs\MiKTeX\tex/generic/pgf/math\pgfmathfloat.code.tex
\c@pgfmathroundto@lastzeros=\count280
)) (C:\Users\bruno\AppData\Local\Programs\MiKTeX\tex/generic/pgf/math\pgfint.code.tex) (C:\Users\bruno\AppData\Local\Programs\MiKTeX\tex/generic/pgf/basiclayer\pgfcorepoints.code.tex
File: pgfcorepoints.code.tex 2023-01-15 v3.1.10 (3.1.10)
\pgf@picminx=\dimen171
\pgf@picmaxx=\dimen172
\pgf@picminy=\dimen173
\pgf@picmaxy=\dimen174
\pgf@pathminx=\dimen175
\pgf@pathmaxx=\dimen176
\pgf@pathminy=\dimen177
\pgf@pathmaxy=\dimen178
\pgf@xx=\dimen179
\pgf@xy=\dimen180
\pgf@yx=\dimen181
\pgf@yy=\dimen182
\pgf@zx=\dimen183
\pgf@zy=\dimen184
) (C:\Users\bruno\AppData\Local\Programs\MiKTeX\tex/generic/pgf/basiclayer\pgfcorepathconstruct.code.tex
File: pgfcorepathconstruct.code.tex 2023-01-15 v3.1.10 (3.1.10)
\pgf@path@lastx=\dimen185
\pgf@path@lasty=\dimen186
) (C:\Users\bruno\AppData\Local\Programs\MiKTeX\tex/generic/pgf/basiclayer\pgfcorepathusage.code.tex
File: pgfcorepathusage.code.tex 2023-01-15 v3.1.10 (3.1.10)
\pgf@shorten@end@additional=\dimen187
\pgf@shorten@start@additional=\dimen188
) (C:\Users\bruno\AppData\Local\Programs\MiKTeX\tex/generic/pgf/basiclayer\pgfcorescopes.code.tex
File: pgfcorescopes.code.tex 2023-01-15 v3.1.10 (3.1.10)
\pgfpic=\box57
\pgf@hbox=\box58
\pgf@layerbox@main=\box59
\pgf@picture@serial@count=\count281
) (C:\Users\bruno\AppData\Local\Programs\MiKTeX\tex/generic/pgf/basiclayer\pgfcoregraphicstate.code.tex
File: pgfcoregraphicstate.code.tex 2023-01-15 v3.1.10 (3.1.10)
\pgflinewidth=\dimen189
) (C:\Users\bruno\AppData\Local\Programs\MiKTeX\tex/generic/pgf/basiclayer\pgfcoretransformations.code.tex
File: pgfcoretransformations.code.tex 2023-01-15 v3.1.10 (3.1.10)
\pgf@pt@x=\dimen190
\pgf@pt@y=\dimen191
\pgf@pt@temp=\dimen192
) (C:\Users\bruno\AppData\Local\Programs\MiKTeX\tex/generic/pgf/basiclayer\pgfcorequick.code.tex
File: pgfcorequick.code.tex 2023-01-15 v3.1.10 (3.1.10)
) (C:\Users\bruno\AppData\Local\Programs\MiKTeX\tex/generic/pgf/basiclayer\pgfcoreobjects.code.tex
File: pgfcoreobjects.code.tex 2023-01-15 v3.1.10 (3.1.10)
) (C:\Users\bruno\AppData\Local\Programs\MiKTeX\tex/generic/pgf/basiclayer\pgfcorepathprocessing.code.tex
File: pgfcorepathprocessing.code.tex 2023-01-15 v3.1.10 (3.1.10)
) (C:\Users\bruno\AppData\Local\Programs\MiKTeX\tex/generic/pgf/basiclayer\pgfcorearrows.code.tex
File: pgfcorearrows.code.tex 2023-01-15 v3.1.10 (3.1.10)
\pgfarrowsep=\dimen193
) (C:\Users\bruno\AppData\Local\Programs\MiKTeX\tex/generic/pgf/basiclayer\pgfcoreshade.code.tex
File: pgfcoreshade.code.tex 2023-01-15 v3.1.10 (3.1.10)
\pgf@max=\dimen194
\pgf@sys@shading@range@num=\count282
\pgf@shadingcount=\count283
) (C:\Users\bruno\AppData\Local\Programs\MiKTeX\tex/generic/pgf/basiclayer\pgfcoreimage.code.tex
File: pgfcoreimage.code.tex 2023-01-15 v3.1.10 (3.1.10)
) (C:\Users\bruno\AppData\Local\Programs\MiKTeX\tex/generic/pgf/basiclayer\pgfcoreexternal.code.tex
File: pgfcoreexternal.code.tex 2023-01-15 v3.1.10 (3.1.10)
\pgfexternal@startupbox=\box60
) (C:\Users\bruno\AppData\Local\Programs\MiKTeX\tex/generic/pgf/basiclayer\pgfcorelayers.code.tex
File: pgfcorelayers.code.tex 2023-01-15 v3.1.10 (3.1.10)
) (C:\Users\bruno\AppData\Local\Programs\MiKTeX\tex/generic/pgf/basiclayer\pgfcoretransparency.code.tex
File: pgfcoretransparency.code.tex 2023-01-15 v3.1.10 (3.1.10)
) (C:\Users\bruno\AppData\Local\Programs\MiKTeX\tex/generic/pgf/basiclayer\pgfcorepatterns.code.tex
File: pgfcorepatterns.code.tex 2023-01-15 v3.1.10 (3.1.10)
) (C:\Users\bruno\AppData\Local\Programs\MiKTeX\tex/generic/pgf/basiclayer\pgfcorerdf.code.tex
File: pgfcorerdf.code.tex 2023-01-15 v3.1.10 (3.1.10)
))) (C:\Users\bruno\AppData\Local\Programs\MiKTeX\tex/generic/pgf/modules\pgfmoduleshapes.code.tex
File: pgfmoduleshapes.code.tex 2023-01-15 v3.1.10 (3.1.10)
\pgfnodeparttextbox=\box61
) (C:\Users\bruno\AppData\Local\Programs\MiKTeX\tex/generic/pgf/modules\pgfmoduleplot.code.tex
File: pgfmoduleplot.code.tex 2023-01-15 v3.1.10 (3.1.10)
) (C:\Users\bruno\AppData\Local\Programs\MiKTeX\tex/latex/pgf/compatibility\pgfcomp-version-0-65.sty
Package: pgfcomp-version-0-65 2023-01-15 v3.1.10 (3.1.10)
\pgf@nodesepstart=\dimen195
\pgf@nodesepend=\dimen196
) (C:\Users\bruno\AppData\Local\Programs\MiKTeX\tex/latex/pgf/compatibility\pgfcomp-version-1-18.sty
Package: pgfcomp-version-1-18 2023-01-15 v3.1.10 (3.1.10)
)) (C:\Users\bruno\AppData\Local\Programs\MiKTeX\tex/latex/pgf/utilities\pgffor.sty (C:\Users\bruno\AppData\Local\Programs\MiKTeX\tex/latex/pgf/utilities\pgfkeys.sty (C:\Users\bruno\AppData\Local\Programs\MiKTeX\tex/generic/pgf/utilities\pgfkeys.code.tex)) (C:\Users\bruno\AppData\Local\Programs\MiKTeX\tex/latex/pgf/math\pgfmath.sty (C:\Users\bruno\AppData\Local\Programs\MiKTeX\tex/generic/pgf/math\pgfmath.code.tex)) (C:\Users\bruno\AppData\Local\Programs\MiKTeX\tex/generic/pgf/utilities\pgffor.code.tex
Package: pgffor 2023-01-15 v3.1.10 (3.1.10)
\pgffor@iter=\dimen197
\pgffor@skip=\dimen198
\pgffor@stack=\toks30
\pgffor@toks=\toks31
)) (C:\Users\bruno\AppData\Local\Programs\MiKTeX\tex/generic/pgf/frontendlayer/tikz\tikz.code.tex
Package: tikz 2023-01-15 v3.1.10 (3.1.10)
 (C:\Users\bruno\AppData\Local\Programs\MiKTeX\tex/generic/pgf/libraries\pgflibraryplothandlers.code.tex
File: pgflibraryplothandlers.code.tex 2023-01-15 v3.1.10 (3.1.10)
\pgf@plot@mark@count=\count284
\pgfplotmarksize=\dimen199
)
\tikz@lastx=\dimen256
\tikz@lasty=\dimen257
\tikz@lastxsaved=\dimen258
\tikz@lastysaved=\dimen259
\tikz@lastmovetox=\dimen260
\tikz@lastmovetoy=\dimen261
\tikzleveldistance=\dimen262
\tikzsiblingdistance=\dimen263
\tikz@figbox=\box62
\tikz@figbox@bg=\box63
\tikz@tempbox=\box64
\tikz@tempbox@bg=\box65
\tikztreelevel=\count285
\tikznumberofchildren=\count286
\tikznumberofcurrentchild=\count287
\tikz@fig@count=\count288
 (C:\Users\bruno\AppData\Local\Programs\MiKTeX\tex/generic/pgf/modules\pgfmodulematrix.code.tex
File: pgfmodulematrix.code.tex 2023-01-15 v3.1.10 (3.1.10)
\pgfmatrixcurrentrow=\count289
\pgfmatrixcurrentcolumn=\count290
\pgf@matrix@numberofcolumns=\count291
)
\tikz@expandcount=\count292
 (C:\Users\bruno\AppData\Local\Programs\MiKTeX\tex/generic/pgf/frontendlayer/tikz/libraries\tikzlibrarytopaths.code.tex
File: tikzlibrarytopaths.code.tex 2023-01-15 v3.1.10 (3.1.10)
))) (C:\Users\bruno\AppData\Local\Programs\MiKTeX\tex/latex/environ\environ.sty
Package: environ 2014/05/04 v0.3 A new way to define environments
 (C:\Users\bruno\AppData\Local\Programs\MiKTeX\tex/latex/trimspaces\trimspaces.sty
Package: trimspaces 2009/09/17 v1.1 Trim spaces around a token list
)
\@envbody=\toks32
) (C:\Users\bruno\AppData\Local\Programs\MiKTeX\tex/latex/tikzpeople\tikzpeople.sty
Package: tikzpeople 2017/04/22 v0.4 People shaped nodes for Tikz
 (C:\Users\bruno\AppData\Local\Programs\MiKTeX\tex/latex/tools\calc.sty
Package: calc 2023/07/08 v4.3 Infix arithmetic (KKT,FJ)
\calc@Acount=\count293
\calc@Bcount=\count294
\calc@Adimen=\dimen264
\calc@Bdimen=\dimen265
\calc@Askip=\skip51
\calc@Bskip=\skip52
LaTeX Info: Redefining \setlength on input line 80.
LaTeX Info: Redefining \addtolength on input line 81.
\calc@Ccount=\count295
\calc@Cskip=\skip53
) (C:\Users\bruno\AppData\Local\Programs\MiKTeX\tex/latex/etoolbox\etoolbox.sty
Package: etoolbox 2020/10/05 v2.5k e-TeX tools for LaTeX (JAW)
\etb@tempcnta=\count296
) (C:\Users\bruno\AppData\Local\Programs\MiKTeX\tex/generic/pgf/libraries\pgflibraryintersections.code.tex (C:\Users\bruno\AppData\Local\Programs\MiKTeX\tex/generic/pgf/libraries\pgflibraryfpu.code.tex)
\pgf@intersect@solutions=\count297
) (C:\Users\bruno\AppData\Local\Programs\MiKTeX\tex/generic/pgf/frontendlayer/tikz/libraries\tikzlibrarydecorations.markings.code.tex (C:\Users\bruno\AppData\Local\Programs\MiKTeX\tex/generic/pgf/frontendlayer/tikz/libraries\tikzlibrarydecorations.code.tex (C:\Users\bruno\AppData\Local\Programs\MiKTeX\tex/generic/pgf/modules\pgfmoduledecorations.code.tex
\pgfdecoratedcompleteddistance=\dimen266
\pgfdecoratedremainingdistance=\dimen267
\pgfdecoratedinputsegmentcompleteddistance=\dimen268
\pgfdecoratedinputsegmentremainingdistance=\dimen269
\pgf@decorate@distancetomove=\dimen270
\pgf@decorate@repeatstate=\count298
\pgfdecorationsegmentamplitude=\dimen271
\pgfdecorationsegmentlength=\dimen272
)
\tikz@lib@dec@box=\box66
) (C:\Users\bruno\AppData\Local\Programs\MiKTeX\tex/generic/pgf/libraries/decorations\pgflibrarydecorations.markings.code.tex)) (C:\Users\bruno\AppData\Local\Programs\MiKTeX\tex/generic/pgf/frontendlayer/tikz/libraries\tikzlibrarydecorations.pathmorphing.code.tex
(C:\Users\bruno\AppData\Local\Programs\MiKTeX\tex/generic/pgf/libraries/decorations\pgflibrarydecorations.pathmorphing.code.tex)) (C:\Users\bruno\AppData\Local\Programs\MiKTeX\tex/generic/pgf/frontendlayer/tikz/libraries\tikzlibrarycalc.code.tex
File: tikzlibrarycalc.code.tex 2023-01-15 v3.1.10 (3.1.10)
) (C:\Users\bruno\AppData\Local\Programs\MiKTeX\tex/generic/pgf/frontendlayer/tikz/libraries\tikzlibrarypositioning.code.tex
File: tikzlibrarypositioning.code.tex 2023-01-15 v3.1.10 (3.1.10)
) (C:\Users\bruno\AppData\Local\Programs\MiKTeX\tex/generic/pgf/libraries\pgflibraryarrows.meta.code.tex
File: pgflibraryarrows.meta.code.tex 2023-01-15 v3.1.10 (3.1.10)
\pgfarrowinset=\dimen273
\pgfarrowlength=\dimen274
\pgfarrowwidth=\dimen275
\pgfarrowlinewidth=\dimen276
) (C:\Users\bruno\AppData\Local\Programs\MiKTeX\tex/latex/tikzpeople\tikzpeople.shape.alice.sty) (C:\Users\bruno\AppData\Local\Programs\MiKTeX\tex/latex/tikzpeople\tikzpeople.shape.bob.sty) (C:\Users\bruno\AppData\Local\Programs\MiKTeX\tex/latex/tikzpeople\tikzpeople.shape.bride.sty) (C:\Users\bruno\AppData\Local\Programs\MiKTeX\tex/latex/tikzpeople\tikzpeople.shape.builder.sty) (C:\Users\bruno\AppData\Local\Programs\MiKTeX\tex/latex/tikzpeople\tikzpeople.shape.businessman.sty) (C:\Users\bruno\AppData\Local\Programs\MiKTeX\tex/latex/tikzpeople\tikzpeople.shape.charlie.sty) (C:\Users\bruno\AppData\Local\Programs\MiKTeX\tex/latex/tikzpeople\tikzpeople.shape.chef.sty) (C:\Users\bruno\AppData\Local\Programs\MiKTeX\tex/latex/tikzpeople\tikzpeople.shape.conductor.sty) (C:\Users\bruno\AppData\Local\Programs\MiKTeX\tex/latex/tikzpeople\tikzpeople.shape.cowboy.sty) (C:\Users\bruno\AppData\Local\Programs\MiKTeX\tex/latex/tikzpeople\tikzpeople.shape.criminal.sty) (C:\Users\bruno\AppData\Local\Programs\MiKTeX\tex/latex/tikzpeople\tikzpeople.shape.dave.sty) (C:\Users\bruno\AppData\Local\Programs\MiKTeX\tex/latex/tikzpeople\tikzpeople.shape.devil.sty) (C:\Users\bruno\AppData\Local\Programs\MiKTeX\tex/latex/tikzpeople\tikzpeople.shape.duck.sty) (C:\Users\bruno\AppData\Local\Programs\MiKTeX\tex/latex/tikzpeople\tikzpeople.shape.graduate.sty) (C:\Users\bruno\AppData\Local\Programs\MiKTeX\tex/latex/tikzpeople\tikzpeople.shape.groom.sty) (C:\Users\bruno\AppData\Local\Programs\MiKTeX\tex/latex/tikzpeople\tikzpeople.shape.guard.sty) (C:\Users\bruno\AppData\Local\Programs\MiKTeX\tex/latex/tikzpeople\tikzpeople.shape.jester.sty) (C:\Users\bruno\AppData\Local\Programs\MiKTeX\tex/latex/tikzpeople\tikzpeople.shape.judge.sty) (C:\Users\bruno\AppData\Local\Programs\MiKTeX\tex/latex/tikzpeople\tikzpeople.shape.maninblack.sty) (C:\Users\bruno\AppData\Local\Programs\MiKTeX\tex/latex/tikzpeople\tikzpeople.shape.mexican.sty) (C:\Users\bruno\AppData\Local\Programs\MiKTeX\tex/latex/tikzpeople\tikzpeople.shape.nun.sty) (C:\Users\bruno\AppData\Local\Programs\MiKTeX\tex/latex/tikzpeople\tikzpeople.shape.nurse.sty) (C:\Users\bruno\AppData\Local\Programs\MiKTeX\tex/latex/tikzpeople\tikzpeople.shape.physician.sty) (C:\Users\bruno\AppData\Local\Programs\MiKTeX\tex/latex/tikzpeople\tikzpeople.shape.pilot.sty) (C:\Users\bruno\AppData\Local\Programs\MiKTeX\tex/latex/tikzpeople\tikzpeople.shape.police.sty) (C:\Users\bruno\AppData\Local\Programs\MiKTeX\tex/latex/tikzpeople\tikzpeople.shape.priest.sty) (C:\Users\bruno\AppData\Local\Programs\MiKTeX\tex/latex/tikzpeople\tikzpeople.shape.sailor.sty) (C:\Users\bruno\AppData\Local\Programs\MiKTeX\tex/latex/tikzpeople\tikzpeople.shape.santa.sty) (C:\Users\bruno\AppData\Local\Programs\MiKTeX\tex/latex/tikzpeople\tikzpeople.shape.surgeon.sty)) (C:\Users\bruno\AppData\Local\Programs\MiKTeX\tex/latex/tikzscale\tikzscale.sty
Package: tikzscale 2013/05/22 v0.2.6 tikzscale LaTeX package
 (C:\Users\bruno\AppData\Local\Programs\MiKTeX\tex/latex/l3packages/xparse\xparse.sty (C:\Users\bruno\AppData\Local\Programs\MiKTeX\tex/latex/l3kernel\expl3.sty
Package: expl3 2024-07-20 L3 programming layer (loader) 
 (C:\Users\bruno\AppData\Local\Programs\MiKTeX\tex/latex/l3backend\l3backend-pdftex.def
File: l3backend-pdftex.def 2024-05-08 L3 backend support: PDF output (pdfTeX)
\l__color_backend_stack_int=\count299
\l__pdf_internal_box=\box67
))
Package: xparse 2024-05-08 L3 Experimental document command parser
) (C:\Users\bruno\AppData\Local\Programs\MiKTeX\tex/latex/letltxmacro\letltxmacro.sty
Package: letltxmacro 2019/12/03 v1.6 Let assignment for LaTeX macros (HO)
) (C:\Users\bruno\AppData\Local\Programs\MiKTeX\tex/latex/xstring\xstring.sty (C:\Users\bruno\AppData\Local\Programs\MiKTeX\tex/generic/xstring\xstring.tex
\xs_counta=\count300
\xs_countb=\count301
)
Package: xstring 2023/08/22 v1.86 String manipulations (CT)
)
\tikzscale@measuredSize=\box68
) (Styles/jogadores.sty
Package: Styles/jogadores 2024/04/29 Player Macros
) (Styles/figuras.sty
Package: Styles/figuras 2024/04/29 Player Macros
) (C:\Users\bruno\AppData\Local\Programs\MiKTeX\tex/latex/float\float.sty
Package: float 2001/11/08 v1.3d Float enhancements (AL)
\c@float@type=\count302
\float@exts=\toks33
\float@box=\box69
\@float@everytoks=\toks34
\@floatcapt=\box70
)
\measure@tikzpicture=\box71
\tikzscale@accuracy=\skip54
 (main.aux)
\openout1 = `main.aux'.

LaTeX Font Info:    Checking defaults for OML/cmm/m/it on input line 28.
LaTeX Font Info:    ... okay on input line 28.
LaTeX Font Info:    Checking defaults for OMS/cmsy/m/n on input line 28.
LaTeX Font Info:    ... okay on input line 28.
LaTeX Font Info:    Checking defaults for OT1/cmr/m/n on input line 28.
LaTeX Font Info:    ... okay on input line 28.
LaTeX Font Info:    Checking defaults for T1/cmr/m/n on input line 28.
LaTeX Font Info:    ... okay on input line 28.
LaTeX Font Info:    Checking defaults for TS1/cmr/m/n on input line 28.
LaTeX Font Info:    ... okay on input line 28.
LaTeX Font Info:    Checking defaults for OMX/cmex/m/n on input line 28.
LaTeX Font Info:    ... okay on input line 28.
LaTeX Font Info:    Checking defaults for U/cmr/m/n on input line 28.
LaTeX Font Info:    ... okay on input line 28.
 (C:\Users\bruno\AppData\Local\Programs\MiKTeX\tex/context/base/mkii\supp-pdf.mkii
[Loading MPS to PDF converter (version 2006.09.02).]
\scratchcounter=\count303
\scratchdimen=\dimen277
\scratchbox=\box72
\nofMPsegments=\count304
\nofMParguments=\count305
\everyMPshowfont=\toks35
\MPscratchCnt=\count306
\MPscratchDim=\dimen278
\MPnumerator=\count307
\makeMPintoPDFobject=\count308
\everyMPtoPDFconversion=\toks36
) (C:\Users\bruno\AppData\Local\Programs\MiKTeX\tex/latex/epstopdf-pkg\epstopdf-base.sty
Package: epstopdf-base 2020-01-24 v2.11 Base part for package epstopdf
Package epstopdf-base Info: Redefining graphics rule for `.eps' on input line 485.
 (C:\Users\bruno\AppData\Local\Programs\MiKTeX\tex/latex/00miktex\epstopdf-sys.cfg
File: epstopdf-sys.cfg 2021/03/18 v2.0 Configuration of epstopdf for MiKTeX
)) (Matchdays/Gauchão/Quartas - Grêmio vs Brasil de Pelotas.tex

[1

{C:/Users/bruno/AppData/Local/MiKTeX/fonts/map/pdftex/pdftex.map}] (Formations/Gauchão/Quartas - Grêmio vs Brasil de Pelotas.tex)
File: Formations/Gauchão/Quartas - Grêmio vs Brasil de Pelotas.tex Graphic file (type tex)
) (Matchdays/Gauchão/Semifinal - Ida - Caxias vs Grêmio.tex

[2] (Formations/Gauchão/Semifinal - Ida - Caxias vs Grêmio.tex)
File: Formations/Gauchão/Semifinal - Ida - Caxias vs Grêmio.tex Graphic file (type tex)
) (Matchdays/Gauchão/Semifinal - Volta - Grêmio vs Caxias.tex

[3] (Formations/Gauchão/Semifinal - Volta - Grêmio vs Caxias.tex)
File: Formations/Gauchão/Semifinal - Volta - Grêmio vs Caxias.tex Graphic file (type tex)
) (Matchdays/Gauchão/Final - Ida - Juventude vs Grêmio.tex

[4] (Formations/Gauchão/Final - Ida - Juventude vs Grêmio.tex)
File: Formations/Gauchão/Final - Ida - Juventude vs Grêmio.tex Graphic file (type tex)
) (Matchdays/Gauchão/Final - Volta - Grêmio vs Juventude.tex

[5] (Formations/Gauchão/Final - Volta - Grêmio vs Juventude.tex)
File: Formations/Gauchão/Final - Volta - Grêmio vs Juventude.tex Graphic file (type tex)
) (Matchdays/Brasileirão/01 - Vasco vs Grêmio.tex (Formations/Brasileirão/01 - Vasco vs Grêmio.tex)
File: Formations/Brasileirão/01 - Vasco vs Grêmio.tex Graphic file (type tex)


[6]) (Matchdays/Brasileirão/02 - Grêmio vs Athletico.tex

[7] (Formations/Brasileirão/02 - Grêmio vs Athletico.tex)
File: Formations/Brasileirão/02 - Grêmio vs Athletico.tex Graphic file (type tex)
) (Matchdays/Brasileirão/03 - Grêmio vs Cuiabá.tex

[8] (Formations/Brasileirão/03 - Grêmio vs Cuiabá.tex)
File: Formations/Brasileirão/03 - Grêmio vs Cuiabá.tex Graphic file (type tex)
) (Matchdays/Brasileirão/04 - Bahia vs Grêmio.tex

[9] (Formations/Brasileirão/04 - Bahia vs Grêmio.tex)
File: Formations/Brasileirão/04 - Bahia vs Grêmio.tex Graphic file (type tex)
) (Matchdays/Brasileirão/07 - Grêmio vs Bragantino.tex

[10] (Formations/Brasileirão/07 - Grêmio vs Bragantino.tex)
File: Formations/Brasileirão/07 - Grêmio vs Bragantino.tex Graphic file (type tex)
) (Matchdays/Brasileirão/08 - Flamengo vs Grêmio.tex

[11] (Formations/Brasileirão/08 - Flamengo vs Grêmio.tex)
File: Formations/Brasileirão/08 - Flamengo vs Grêmio.tex Graphic file (type tex)
) (Matchdays/Brasileirão/09 - Grêmio vs Botafogo.tex

[12] (Formations/Brasileirão/09 - Grêmio vs Botafogo.tex)
File: Formations/Brasileirão/09 - Grêmio vs Botafogo.tex Graphic file (type tex)
) (Matchdays/Brasileirão/10 - Fortaleza vs Grêmio.tex

[13] (Formations/Brasileirão/10 - Fortaleza vs Grêmio.tex)
File: Formations/Brasileirão/10 - Fortaleza vs Grêmio.tex Graphic file (type tex)
) (Matchdays/Brasileirão/11 - Grêmio vs Internacional.tex

[14] (Formations/Brasileirão/11 - Grêmio vs Internacional.tex)
File: Formations/Brasileirão/11 - Grêmio vs Internacional.tex Graphic file (type tex)
) (Matchdays/Brasileirão/12 - Atlético-GO vs Grêmio.tex

[15] (Formations/Brasileirão/12 - Atlético-GO vs Grêmio.tex)
File: Formations/Brasileirão/12 - Atlético-GO vs Grêmio.tex Graphic file (type tex)
) (Matchdays/Brasileirão/13 - Grêmio vs Fluminense.tex

[16] (Formations/Brasileirão/13 - Grêmio vs Fluminense.tex)
File: Formations/Brasileirão/13 - Grêmio vs Fluminense.tex Graphic file (type tex)
) (Matchdays/Brasileirão/14 - Grêmio vs Palmeiras.tex

[17] (Formations/Brasileirão/14 - Grêmio vs Palmeiras.tex)
File: Formations/Brasileirão/14 - Grêmio vs Palmeiras.tex Graphic file (type tex)
) (Matchdays/Brasileirão/15 - Juventude vs Grêmio.tex

[18] (Formations/Brasileirão/15 - Juventude vs Grêmio.tex)
File: Formations/Brasileirão/15 - Juventude vs Grêmio.tex Graphic file (type tex)
) (Matchdays/Brasileirão/16 - Grêmio vs Cruzeiro.tex

[19] (Formations/Brasileirão/16 - Grêmio vs Cruzeiro.tex)
File: Formations/Brasileirão/16 - Grêmio vs Cruzeiro.tex Graphic file (type tex)
) (Matchdays/Brasileirão/17 - São Paulo vs Grêmio.tex

[20] (Formations/Brasileirão/17 - São Paulo vs Grêmio.tex)
File: Formations/Brasileirão/17 - São Paulo vs Grêmio.tex Graphic file (type tex)
) (Matchdays/Brasileirão/18 - Grêmio vs Vitória.tex

[21] (Formations/Brasileirão/18 - Grêmio vs Vitória.tex)
File: Formations/Brasileirão/18 - Grêmio vs Vitória.tex Graphic file (type tex)
) (Matchdays/Brasileirão/19 - Corinthians vs Grêmio.tex

[22]
LaTeX Font Info:    External font `cmex10' loaded for size
(Font)              <7> on input line 5.
LaTeX Font Info:    External font `cmex10' loaded for size
(Font)              <5> on input line 5.
 (Formations/Brasileirão/19 - Corinthians vs Grêmio.tex)
File: Formations/Brasileirão/19 - Corinthians vs Grêmio.tex Graphic file (type tex)
) (Matchdays/Brasileirão/20 - Grêmio vs Vasco.tex

[23]

[24] (Formations/Brasileirão/20 - Grêmio vs Vasco.tex)
File: Formations/Brasileirão/20 - Grêmio vs Vasco.tex Graphic file (type tex)

Overfull \hbox (2.82004pt too wide) in paragraph at lines 12--25
[][] 
 []



[25]) (Matchdays/Brasileirão/21 - Athletico vs Grêmio.tex

[26] (Formations/Brasileirão/21 - Athletico vs Grêmio.tex)
File: Formations/Brasileirão/21 - Athletico vs Grêmio.tex Graphic file (type tex)
) (Matchdays/Brasileirão/22 - Cuiabá vs Grêmio.tex

[27] (Formations/Brasileirão/22 - Cuiabá vs Grêmio.tex)
File: Formations/Brasileirão/22 - Cuiabá vs Grêmio.tex Graphic file (type tex)
) (Matchdays/Brasileirão/23 - Grêmio vs Bahia.tex

[28] (Formations/Brasileirão/23 - Grêmio vs Bahia.tex
Missing character: There is no 4 in font nullfont!
Missing character: There is no 6 in font nullfont!
Missing character: There is no J in font nullfont!
Missing character: There is no o in font nullfont!
Missing character: There is no s in font nullfont!
Missing character: There is no e in font nullfont!
Missing character: There is no ^^S in font nullfont!
Missing character: There is no e in font nullfont!
Missing character: There is no G in font nullfont!
Missing character: There is no u in font nullfont!
Missing character: There is no i in font nullfont!
Missing character: There is no l in font nullfont!
Missing character: There is no h in font nullfont!
Missing character: There is no e in font nullfont!
Missing character: There is no r in font nullfont!
Missing character: There is no m in font nullfont!
Missing character: There is no e in font nullfont!
Missing character: There is no ( in font nullfont!
Missing character: There is no 3 in font nullfont!
Missing character: There is no , in font nullfont!
Missing character: There is no 8 in font nullfont!
Missing character: There is no ) in font nullfont!
)
File: Formations/Brasileirão/23 - Grêmio vs Bahia.tex Graphic file (type tex)
) (Matchdays/Brasileirão/24 - Criciúma vs Grêmio.tex

[29] (Formations/Brasileirão/24 - Criciúma vs Grêmio.tex)
File: Formations/Brasileirão/24 - Criciúma vs Grêmio.tex Graphic file (type tex)
) (Matchdays/Brasileirão/25 - Grêmio vs Atlético-MG.tex

[30] (Formations/Brasileirão/25 - Grêmio vs Atlético-MG.tex)
File: Formations/Brasileirão/25 - Grêmio vs Atlético-MG.tex Graphic file (type tex)
) (Matchdays/Brasileirão/26 - Bragantino vs Grêmio.tex

[31] (Formations/Brasileirão/26 - Bragantino vs Grêmio.tex)
File: Formations/Brasileirão/26 - Bragantino vs Grêmio.tex Graphic file (type tex)
) (Matchdays/Brasileirão/27 - Grêmio vs Flamengo.tex

[32] (Formations/Brasileirão/28 - Botafogo vs Grêmio.tex)
File: Formations/Brasileirão/28 - Botafogo vs Grêmio.tex Graphic file (type tex)
) (Matchdays/Brasileirão/28 - Botafogo vs Grêmio.tex

[33] (Formations/Brasileirão/27 - Grêmio vs Flamengo.tex)
File: Formations/Brasileirão/27 - Grêmio vs Flamengo.tex Graphic file (type tex)
) (Matchdays/Libertadores/Group - 04 - Grêmio vs The Strongest.tex (Formations/Libertadores/Group - 04 - Grêmio vs The Strongest.tex)
File: Formations/Libertadores/Group - 04 - Grêmio vs The Strongest.tex Graphic file (type tex)


[34]) (Matchdays/Libertadores/Group - 05 - Huachipato vs Grêmio.tex

[35] (Formations/Libertadores/Group - 05 - Huachipato vs Grêmio.tex)
File: Formations/Libertadores/Group - 05 - Huachipato vs Grêmio.tex Graphic file (type tex)
) (Matchdays/Libertadores/Oitavas - Ida - Grêmio vs Fluminense.tex

[36] (Formations/Libertadores/Oitavas - Ida - Grêmio vs Fluminense.tex)
File: Formations/Libertadores/Oitavas - Ida - Grêmio vs Fluminense.tex Graphic file (type tex)
) (Matchdays/Libertadores/Oitavas - Volta - Fluminense vs Grêmio.tex

[37] (Formations/Libertadores/Oitavas - Volta - Fluminense vs Grêmio.tex)
File: Formations/Libertadores/Oitavas - Volta - Fluminense vs Grêmio.tex Graphic file (type tex)
) (Matchdays/Copa do Brasil/Oitavas - Volta - Grêmio vs Corinthians.tex (Formations/Copa do Brasil/Oitavas - Volta - Grêmio vs Corinthians.tex)
File: Formations/Copa do Brasil/Oitavas - Volta - Grêmio vs Corinthians.tex Graphic file (type tex)
)

[38]

[39] (main.aux)
 ***********
LaTeX2e <2024-06-01> patch level 2
L3 programming layer <2024-07-20>
 ***********
 ) 
Here is how much of TeX's memory you used:
 20297 strings out of 473865
 558631 string characters out of 5724965
 1982960 words of memory out of 5000000
 42562 multiletter control sequences out of 15000+600000
 560192 words of font info for 43 fonts, out of 8000000 for 9000
 1141 hyphenation exceptions out of 8191
 95i,13n,93p,511b,1533s stack positions out of 10000i,1000n,20000p,200000b,200000s
<C:/Users/bruno/AppData/Local/Programs/MiKTeX/fonts/type1/public/amsfonts/cm/cmbx10.pfb><C:/Users/bruno/AppData/Local/Programs/MiKTeX/fonts/type1/public/amsfonts/cm/cmbx12.pfb><C:/Users/bruno/AppData/Local/Programs/MiKTeX/fonts/type1/public/amsfonts/cm/cmr10.pfb><C:/Users/bruno/AppData/Local/Programs/MiKTeX/fonts/type1/public/amsfonts/cm/cmss9.pfb>
Output written on main.pdf (39 pages, 325765 bytes).
PDF statistics:
 160 PDF objects out of 1000 (max. 8388607)
 0 named destinations out of 1000 (max. 500000)
 37 words of extra memory for PDF output out of 10000 (max. 10000000)

