This is pdfTeX, Version 3.141592653-2.6-1.40.26 (MiKTeX 24.4) (preloaded format=pdflatex 2024.9.5)  23 SEP 2024 16:09
entering extended mode
 restricted \write18 enabled.
 file:line:error style messages enabled.
 %&-line parsing enabled.
**"c:/code/gremio_2024/Formations/Libertadores/Group - 04 - Grêmio vs The Strongest.tex"
(c:/code/gremio_2024/Formations/Libertadores/Group - 04 - Grêmio vs The Strongest.tex
LaTeX2e <2024-06-01> patch level 2
L3 programming layer <2024-07-20>
(C:\Users\bruno\AppData\Local\Programs\MiKTeX\tex/latex/standalone\standalone.cls
Document Class: standalone 2022/10/10 v1.3b Class to compile TeX sub-files standalone
(C:\Users\bruno\AppData\Local\Programs\MiKTeX\tex/latex/tools\shellesc.sty
Package: shellesc 2023/07/08 v1.0d unified shell escape interface for LaTeX
Package shellesc Info: Restricted shell escape enabled on input line 77.
) (C:\Users\bruno\AppData\Local\Programs\MiKTeX\tex/generic/iftex\ifluatex.sty
Package: ifluatex 2019/10/25 v1.5 ifluatex legacy package. Use iftex instead.
 (C:\Users\bruno\AppData\Local\Programs\MiKTeX\tex/generic/iftex\iftex.sty
Package: iftex 2022/02/03 v1.0f TeX engine tests
)) (C:\Users\bruno\AppData\Local\Programs\MiKTeX\tex/latex/xkeyval\xkeyval.sty
Package: xkeyval 2022/06/16 v2.9 package option processing (HA)
 (C:\Users\bruno\AppData\Local\Programs\MiKTeX\tex/generic/xkeyval\xkeyval.tex (C:\Users\bruno\AppData\Local\Programs\MiKTeX\tex/generic/xkeyval\xkvutils.tex
\XKV@toks=\toks17
\XKV@tempa@toks=\toks18
 (C:\Users\bruno\AppData\Local\Programs\MiKTeX\tex/generic/xkeyval\keyval.tex))
\XKV@depth=\count194
File: xkeyval.tex 2014/12/03 v2.7a key=value parser (HA)
))
\sa@internal=\count195
\c@sapage=\count196
 (C:\Users\bruno\AppData\Local\Programs\MiKTeX\tex/latex/standalone\standalone.cfg
File: standalone.cfg 2022/10/10 v1.3b Default configuration file for 'standalone' class
) (C:\Users\bruno\AppData\Local\Programs\MiKTeX\tex/latex/base\article.cls
Document Class: article 2024/02/08 v1.4n Standard LaTeX document class
(C:\Users\bruno\AppData\Local\Programs\MiKTeX\tex/latex/base\size10.clo
File: size10.clo 2024/02/08 v1.4n Standard LaTeX file (size option)
)
\c@part=\count197
\c@section=\count198
\c@subsection=\count199
\c@subsubsection=\count266
\c@paragraph=\count267
\c@subparagraph=\count268
\c@figure=\count269
\c@table=\count270
\abovecaptionskip=\skip49
\belowcaptionskip=\skip50
\bibindent=\dimen141
)
\sa@box=\box52
) (C:\Users\bruno\AppData\Local\Programs\MiKTeX\tex/latex/l3backend\l3backend-pdftex.def
File: l3backend-pdftex.def 2024-05-08 L3 backend support: PDF output (pdfTeX)
\l__color_backend_stack_int=\count271
\l__pdf_internal_box=\box53
) (Group - 04 - Grêmio vs The Strongest.aux)
\openout1 = `"Group - 04 - Grêmio vs The Strongest.aux"'.

LaTeX Font Info:    Checking defaults for OML/cmm/m/it on input line 3.
LaTeX Font Info:    ... okay on input line 3.
LaTeX Font Info:    Checking defaults for OMS/cmsy/m/n on input line 3.
LaTeX Font Info:    ... okay on input line 3.
LaTeX Font Info:    Checking defaults for OT1/cmr/m/n on input line 3.
LaTeX Font Info:    ... okay on input line 3.
LaTeX Font Info:    Checking defaults for T1/cmr/m/n on input line 3.
LaTeX Font Info:    ... okay on input line 3.
LaTeX Font Info:    Checking defaults for TS1/cmr/m/n on input line 3.
LaTeX Font Info:    ... okay on input line 3.
LaTeX Font Info:    Checking defaults for OMX/cmex/m/n on input line 3.
LaTeX Font Info:    ... okay on input line 3.
LaTeX Font Info:    Checking defaults for U/cmr/m/n on input line 3.
LaTeX Font Info:    ... okay on input line 3.


c:/code/gremio_2024/Formations/Libertadores/Group - 04 - Grêmio vs The Strongest.tex:5: LaTeX Error: Environment tikzpicture undefined.

See the LaTeX manual or LaTeX Companion for explanation.
Type  H <return>  for immediate help.
 ...                                              
                                                  
l.5 \begin{tikzpicture}
                       
Your command was ignored.
Type  I <command> <return>  to replace it with another command,
or  <return>  to continue without it.


c:/code/gremio_2024/Formations/Libertadores/Group - 04 - Grêmio vs The Strongest.tex:6: LaTeX Error: Environment scope undefined.

See the LaTeX manual or LaTeX Companion for explanation.
Type  H <return>  for immediate help.
 ...                                              
                                                  
l.6 \begin{scope}
                 [%
Your command was ignored.
Type  I <command> <return>  to replace it with another command,
or  <return>  to continue without it.

c:/code/gremio_2024/Formations/Libertadores/Group - 04 - Grêmio vs The Strongest.tex:10: Missing number, treated as zero.
<to be read again> 
                   [
l.10 \fill[
           field] (-1,-1) rectangle (13,10);
A number should have been here; I inserted `0'.
(If you can't figure out why I needed to see a number,
look up `weird error' in the index to The TeXbook.)

c:/code/gremio_2024/Formations/Libertadores/Group - 04 - Grêmio vs The Strongest.tex:10: Illegal unit of measure (pt inserted).
<to be read again> 
                   [
l.10 \fill[
           field] (-1,-1) rectangle (13,10);
Dimensions can be in units of em, ex, in, pt, pc,
cm, mm, dd, cc, nd, nc, bp, or sp; but yours is a new one!
I'll assume that you meant to say pt, for printer's points.
To recover gracefully from this error, it's best to
delete the erroneous units; e.g., type `2' to delete
two letters. (See Chapter 27 of The TeXbook.)

c:/code/gremio_2024/Formations/Libertadores/Group - 04 - Grêmio vs The Strongest.tex:11: Undefined control sequence.
l.11 \node
          [minimum width=12cm, minimum height=9cm] (contour) at (6,4.5) {};
The control sequence at the end of the top line
of your error message was never \def'ed. If you have
misspelled it (e.g., `\hobx'), type `I' and the correct
spelling (e.g., `I\hbox'). Otherwise just continue,
and I'll forget about whatever was undefined.

c:/code/gremio_2024/Formations/Libertadores/Group - 04 - Grêmio vs The Strongest.tex:16: Undefined control sequence.
l.16 \draw
           (contour.north) -- (contour.south);
The control sequence at the end of the top line
of your error message was never \def'ed. If you have
misspelled it (e.g., `\hobx'), type `I' and the correct
spelling (e.g., `I\hbox'). Otherwise just continue,
and I'll forget about whatever was undefined.

c:/code/gremio_2024/Formations/Libertadores/Group - 04 - Grêmio vs The Strongest.tex:17: Undefined control sequence.
l.17 \draw
           (contour.center) circle (0.915cm);
The control sequence at the end of the top line
of your error message was never \def'ed. If you have
misspelled it (e.g., `\hobx'), type `I' and the correct
spelling (e.g., `I\hbox'). Otherwise just continue,
and I'll forget about whatever was undefined.

c:/code/gremio_2024/Formations/Libertadores/Group - 04 - Grêmio vs The Strongest.tex:18: Missing number, treated as zero.
<to be read again> 
                   [
l.18 \fill[
           white] (contour.center) circle (.5mm);
A number should have been here; I inserted `0'.
(If you can't figure out why I needed to see a number,
look up `weird error' in the index to The TeXbook.)

c:/code/gremio_2024/Formations/Libertadores/Group - 04 - Grêmio vs The Strongest.tex:18: Illegal unit of measure (pt inserted).
<to be read again> 
                   [
l.18 \fill[
           white] (contour.center) circle (.5mm);
Dimensions can be in units of em, ex, in, pt, pc,
cm, mm, dd, cc, nd, nc, bp, or sp; but yours is a new one!
I'll assume that you meant to say pt, for printer's points.
To recover gracefully from this error, it's best to
delete the erroneous units; e.g., type `2' to delete
two letters. (See Chapter 27 of The TeXbook.)

c:/code/gremio_2024/Formations/Libertadores/Group - 04 - Grêmio vs The Strongest.tex:21: Undefined control sequence.
l.21 \area
          {contour.west}{0}
The control sequence at the end of the top line
of your error message was never \def'ed. If you have
misspelled it (e.g., `\hobx'), type `I' and the correct
spelling (e.g., `I\hbox'). Otherwise just continue,
and I'll forget about whatever was undefined.

c:/code/gremio_2024/Formations/Libertadores/Group - 04 - Grêmio vs The Strongest.tex:22: Undefined control sequence.
l.22 \area
          {contour.east}{180}
The control sequence at the end of the top line
of your error message was never \def'ed. If you have
misspelled it (e.g., `\hobx'), type `I' and the correct
spelling (e.g., `I\hbox'). Otherwise just continue,
and I'll forget about whatever was undefined.

c:/code/gremio_2024/Formations/Libertadores/Group - 04 - Grêmio vs The Strongest.tex:25: Undefined control sequence.
l.25 \foreach
              \corner [count=\xi starting from 0] in {south west, south east...
The control sequence at the end of the top line
of your error message was never \def'ed. If you have
misspelled it (e.g., `\hobx'), type `I' and the correct
spelling (e.g., `I\hbox'). Otherwise just continue,
and I'll forget about whatever was undefined.

c:/code/gremio_2024/Formations/Libertadores/Group - 04 - Grêmio vs The Strongest.tex:25: Undefined control sequence.
l.25 \foreach \corner
                      [count=\xi starting from 0] in {south west, south east...
The control sequence at the end of the top line
of your error message was never \def'ed. If you have
misspelled it (e.g., `\hobx'), type `I' and the correct
spelling (e.g., `I\hbox'). Otherwise just continue,
and I'll forget about whatever was undefined.

c:/code/gremio_2024/Formations/Libertadores/Group - 04 - Grêmio vs The Strongest.tex:25: Missing $ inserted.
<inserted text> 
                $
l.25 \foreach \corner [count=\xi
                                 starting from 0] in {south west, south east...
I've inserted a begin-math/end-math symbol since I think
you left one out. Proceed, with fingers crossed.

LaTeX Font Info:    External font `cmex10' loaded for size
(Font)              <7> on input line 25.
LaTeX Font Info:    External font `cmex10' loaded for size
(Font)              <5> on input line 25.

c:/code/gremio_2024/Formations/Libertadores/Group - 04 - Grêmio vs The Strongest.tex:26: LaTeX Error: Environment scope undefined.

See the LaTeX manual or LaTeX Companion for explanation.
Type  H <return>  for immediate help.
 ...                                              
                                                  
l.26     \begin{scope}
                      [rotate around={90*\xi:(contour.\corner)}]
Your command was ignored.
Type  I <command> <return>  to replace it with another command,
or  <return>  to continue without it.

c:/code/gremio_2024/Formations/Libertadores/Group - 04 - Grêmio vs The Strongest.tex:26: Undefined control sequence.
l.26 ...pe}[rotate around={90*\xi:(contour.\corner
                                                  )}]
The control sequence at the end of the top line
of your error message was never \def'ed. If you have
misspelled it (e.g., `\hobx'), type `I' and the correct
spelling (e.g., `I\hbox'). Otherwise just continue,
and I'll forget about whatever was undefined.

c:/code/gremio_2024/Formations/Libertadores/Group - 04 - Grêmio vs The Strongest.tex:27: Undefined control sequence.
l.27         \draw
                   ([xshift=1mm]contour.\corner) arc (0:90:1mm);
The control sequence at the end of the top line
of your error message was never \def'ed. If you have
misspelled it (e.g., `\hobx'), type `I' and the correct
spelling (e.g., `I\hbox'). Otherwise just continue,
and I'll forget about whatever was undefined.

c:/code/gremio_2024/Formations/Libertadores/Group - 04 - Grêmio vs The Strongest.tex:27: Undefined control sequence.
l.27         \draw ([xshift=1mm]contour.\corner
                                               ) arc (0:90:1mm);
The control sequence at the end of the top line
of your error message was never \def'ed. If you have
misspelled it (e.g., `\hobx'), type `I' and the correct
spelling (e.g., `I\hbox'). Otherwise just continue,
and I'll forget about whatever was undefined.


c:/code/gremio_2024/Formations/Libertadores/Group - 04 - Grêmio vs The Strongest.tex:28: LaTeX Error: \begin{document} ended by \end{scope}.

See the LaTeX manual or LaTeX Companion for explanation.
Type  H <return>  for immediate help.
 ...                                              
                                                  
l.28     \end{scope}
                    
Your command was ignored.
Type  I <command> <return>  to replace it with another command,
or  <return>  to continue without it.


c:/code/gremio_2024/Formations/Libertadores/Group - 04 - Grêmio vs The Strongest.tex:30: LaTeX Error: \begin{document} ended by \end{scope}.

See the LaTeX manual or LaTeX Companion for explanation.
Type  H <return>  for immediate help.
 ...                                              
                                                  
l.30 \end{scope}
                
Your command was ignored.
Type  I <command> <return>  to replace it with another command,
or  <return>  to continue without it.

c:/code/gremio_2024/Formations/Libertadores/Group - 04 - Grêmio vs The Strongest.tex:30: Missing $ inserted.
<inserted text> 
                $
l.30 \end{scope}
                
I've inserted something that you may have forgotten.
(See the <inserted text> above.)
With luck, this will get me unwedged. But if you
really didn't forget anything, try typing `2' now; then
my insertion and my current dilemma will both disappear.

c:/code/gremio_2024/Formations/Libertadores/Group - 04 - Grêmio vs The Strongest.tex:32: Undefined control sequence.
l.32 \marchesin
               {(.5,4.5)}
The control sequence at the end of the top line
of your error message was never \def'ed. If you have
misspelled it (e.g., `\hobx'), type `I' and the correct
spelling (e.g., `I\hbox'). Otherwise just continue,
and I'll forget about whatever was undefined.

c:/code/gremio_2024/Formations/Libertadores/Group - 04 - Grêmio vs The Strongest.tex:34: Undefined control sequence.
l.34 \joaopedro
               {(3,1)}
The control sequence at the end of the top line
of your error message was never \def'ed. If you have
misspelled it (e.g., `\hobx'), type `I' and the correct
spelling (e.g., `I\hbox'). Otherwise just continue,
and I'll forget about whatever was undefined.

c:/code/gremio_2024/Formations/Libertadores/Group - 04 - Grêmio vs The Strongest.tex:35: Undefined control sequence.
l.35 \rodrigoely
                {(2.8,3)}
The control sequence at the end of the top line
of your error message was never \def'ed. If you have
misspelled it (e.g., `\hobx'), type `I' and the correct
spelling (e.g., `I\hbox'). Otherwise just continue,
and I'll forget about whatever was undefined.

c:/code/gremio_2024/Formations/Libertadores/Group - 04 - Grêmio vs The Strongest.tex:36: Undefined control sequence.
l.36 \kannemann
               {(2.8,6)}
The control sequence at the end of the top line
of your error message was never \def'ed. If you have
misspelled it (e.g., `\hobx'), type `I' and the correct
spelling (e.g., `I\hbox'). Otherwise just continue,
and I'll forget about whatever was undefined.

c:/code/gremio_2024/Formations/Libertadores/Group - 04 - Grêmio vs The Strongest.tex:37: Undefined control sequence.
l.37 \reinaldo
              {(3,8)}
The control sequence at the end of the top line
of your error message was never \def'ed. If you have
misspelled it (e.g., `\hobx'), type `I' and the correct
spelling (e.g., `I\hbox'). Otherwise just continue,
and I'll forget about whatever was undefined.

c:/code/gremio_2024/Formations/Libertadores/Group - 04 - Grêmio vs The Strongest.tex:39: Undefined control sequence.
l.39 \dodi
          {(5,3.5)}
The control sequence at the end of the top line
of your error message was never \def'ed. If you have
misspelled it (e.g., `\hobx'), type `I' and the correct
spelling (e.g., `I\hbox'). Otherwise just continue,
and I'll forget about whatever was undefined.

c:/code/gremio_2024/Formations/Libertadores/Group - 04 - Grêmio vs The Strongest.tex:40: Undefined control sequence.
l.40 \pepe
          {(5,5.5)}
The control sequence at the end of the top line
of your error message was never \def'ed. If you have
misspelled it (e.g., `\hobx'), type `I' and the correct
spelling (e.g., `I\hbox'). Otherwise just continue,
and I'll forget about whatever was undefined.

c:/code/gremio_2024/Formations/Libertadores/Group - 04 - Grêmio vs The Strongest.tex:41: Undefined control sequence.
l.41 \cristaldo
               {(7,4.5)}
The control sequence at the end of the top line
of your error message was never \def'ed. If you have
misspelled it (e.g., `\hobx'), type `I' and the correct
spelling (e.g., `I\hbox'). Otherwise just continue,
and I'll forget about whatever was undefined.

c:/code/gremio_2024/Formations/Libertadores/Group - 04 - Grêmio vs The Strongest.tex:43: Undefined control sequence.
l.43 \soteldo
             {(9,7.5)}
The control sequence at the end of the top line
of your error message was never \def'ed. If you have
misspelled it (e.g., `\hobx'), type `I' and the correct
spelling (e.g., `I\hbox'). Otherwise just continue,
and I'll forget about whatever was undefined.

c:/code/gremio_2024/Formations/Libertadores/Group - 04 - Grêmio vs The Strongest.tex:44: Undefined control sequence.
l.44 \diegocosta
                {(10,4.5)}
The control sequence at the end of the top line
of your error message was never \def'ed. If you have
misspelled it (e.g., `\hobx'), type `I' and the correct
spelling (e.g., `I\hbox'). Otherwise just continue,
and I'll forget about whatever was undefined.

c:/code/gremio_2024/Formations/Libertadores/Group - 04 - Grêmio vs The Strongest.tex:45: Undefined control sequence.
l.45 \galdino
             {(9,1.5)}
The control sequence at the end of the top line
of your error message was never \def'ed. If you have
misspelled it (e.g., `\hobx'), type `I' and the correct
spelling (e.g., `I\hbox'). Otherwise just continue,
and I'll forget about whatever was undefined.


c:/code/gremio_2024/Formations/Libertadores/Group - 04 - Grêmio vs The Strongest.tex:47: LaTeX Error: \begin{document} ended by \end{tikzpicture}.

See the LaTeX manual or LaTeX Companion for explanation.
Type  H <return>  for immediate help.
 ...                                              
                                                  
l.47 \end{tikzpicture}
                      
Your command was ignored.
Type  I <command> <return>  to replace it with another command,
or  <return>  to continue without it.



[1

{C:/Users/bruno/AppData/Local/MiKTeX/fonts/map/pdftex/pdftex.map}] (Group - 04 - Grêmio vs The Strongest.aux)
 ***********
LaTeX2e <2024-06-01> patch level 2
L3 programming layer <2024-07-20>
 ***********
 ) 
Here is how much of TeX's memory you used:
 1033 strings out of 473865
 20354 string characters out of 5724965
 1927960 words of memory out of 5000000
 23972 multiletter control sequences out of 15000+600000
 558069 words of font info for 36 fonts, out of 8000000 for 9000
 1141 hyphenation exceptions out of 8191
 57i,5n,71p,262b,104s stack positions out of 10000i,1000n,20000p,200000b,200000s
<C:/Users/bruno/AppData/Local/Programs/MiKTeX/fonts/type1/public/amsfonts/cm/cmmi10.pfb><C:/Users/bruno/AppData/Local/Programs/MiKTeX/fonts/type1/public/amsfonts/cm/cmr10.pfb><C:/Users/bruno/AppData/Local/Programs/MiKTeX/fonts/type1/public/amsfonts/cm/cmsy10.pfb>
Output written on "Group - 04 - Grêmio vs The Strongest.pdf" (1 page, 41699 bytes).
PDF statistics:
 21 PDF objects out of 1000 (max. 8388607)
 0 named destinations out of 1000 (max. 500000)
 1 words of extra memory for PDF output out of 10000 (max. 10000000)

